<?xml version="1.0" encoding="UTF-8"?>
<!-- Generated by org.testng.reporters.JUnitReportReporter -->
<testsuite skipped="0" hostname="SBR-DEVP-35" name="ApiTests.WheatherGetRequest" tests="5" failures="0" timestamp="2020-09-08T13:06:19 IST" time="12.934" errors="0">
  <testcase name="Test03" time="2.439" classname="ApiTests.WheatherGetRequest"/>
  <system-out/>
  <testcase name="Test01" time="5.463" classname="ApiTests.WheatherGetRequest"/>
  <system-out/>
  <testcase name="Test04" time="1.410" classname="ApiTests.WheatherGetRequest"/>
  <system-out/>
  <testcase name="Test05" time="1.864" classname="ApiTests.WheatherGetRequest"/>
  <system-out/>
  <testcase name="Test02" time="1.758" classname="ApiTests.WheatherGetRequest"/>
  <system-out/>
</testsuite> <!-- ApiTests.WheatherGetRequest -->
